0 info it worked if it ends with ok
1 verbose cli [ 'C:\\Program Files\\nodejs\\node.exe',
1 verbose cli   'C:\\Program Files\\nodejs\\node_modules\\npm\\bin\\npm-cli.js',
1 verbose cli   'start' ]
2 info using npm@3.10.10
3 info using node@v6.9.5
4 verbose run-script [ 'prestart', 'start', 'poststart' ]
5 info lifecycle es6-express@0.0.0~prestart: es6-express@0.0.0
6 silly lifecycle es6-express@0.0.0~prestart: no script for prestart, continuing
7 info lifecycle es6-express@0.0.0~start: es6-express@0.0.0
8 verbose lifecycle es6-express@0.0.0~start: unsafe-perm in lifecycle true
9 verbose lifecycle es6-express@0.0.0~start: PATH: C:\Program Files\nodejs\node_modules\npm\bin\node-gyp-bin;D:\Projekte\CONNECARE\repos\sacm2\node_modules\.bin;C:\Program Files\Docker\Docker\Resources\bin;C:\ProgramData\Oracle\Java\javapath;C:\WINDOWS\system32;C:\WINDOWS;C:\WINDOWS\System32\Wbem;C:\WINDOWS\System32\WindowsPowerShell\v1.0\;C:\Program Files\nodejs\;C:\Program Files\Git\cmd;C:\Program Files (x86)\Skype\Phone\;C:\Program Files\PuTTY\;C:\Users\michelf\AppData\Local\Microsoft\WindowsApps;;C:\Program Files (x86)\Microsoft VS Code\bin;C:\Users\michelf\AppData\Roaming\npm
10 verbose lifecycle es6-express@0.0.0~start: CWD: D:\Projekte\CONNECARE\repos\sacm2
11 silly lifecycle es6-express@0.0.0~start: Args: [ '/d /s /c',
11 silly lifecycle   'nodemon ./bin/www --exec babel-node --presets es2015,stage-2' ]
12 silly lifecycle es6-express@0.0.0~start: Returned: code: 3221225786  signal: null
13 info lifecycle es6-express@0.0.0~start: Failed to exec start script
14 verbose stack Error: es6-express@0.0.0 start: `nodemon ./bin/www --exec babel-node --presets es2015,stage-2`
14 verbose stack Exit status 3221225786
14 verbose stack     at EventEmitter.<anonymous> (C:\Program Files\nodejs\node_modules\npm\lib\utils\lifecycle.js:255:16)
14 verbose stack     at emitTwo (events.js:106:13)
14 verbose stack     at EventEmitter.emit (events.js:191:7)
14 verbose stack     at ChildProcess.<anonymous> (C:\Program Files\nodejs\node_modules\npm\lib\utils\spawn.js:40:14)
14 verbose stack     at emitTwo (events.js:106:13)
14 verbose stack     at ChildProcess.emit (events.js:191:7)
14 verbose stack     at maybeClose (internal/child_process.js:877:16)
14 verbose stack     at Process.ChildProcess._handle.onexit (internal/child_process.js:226:5)
15 verbose pkgid es6-express@0.0.0
16 verbose cwd D:\Projekte\CONNECARE\repos\sacm2
17 error Windows_NT 10.0.14393
18 error argv "C:\\Program Files\\nodejs\\node.exe" "C:\\Program Files\\nodejs\\node_modules\\npm\\bin\\npm-cli.js" "start"
19 error node v6.9.5
20 error npm  v3.10.10
21 error code ELIFECYCLE
22 error es6-express@0.0.0 start: `nodemon ./bin/www --exec babel-node --presets es2015,stage-2`
22 error Exit status 3221225786
23 error Failed at the es6-express@0.0.0 start script 'nodemon ./bin/www --exec babel-node --presets es2015,stage-2'.
23 error Make sure you have the latest version of node.js and npm installed.
23 error If you do, this is most likely a problem with the es6-express package,
23 error not with npm itself.
23 error Tell the author that this fails on your system:
23 error     nodemon ./bin/www --exec babel-node --presets es2015,stage-2
23 error You can get information on how to open an issue for this project with:
23 error     npm bugs es6-express
23 error Or if that isn't available, you can get their info via:
23 error     npm owner ls es6-express
23 error There is likely additional logging output above.
24 verbose exit [ 1, true ]
